============================================
 Claude Voice Assistant Alpha Installation
============================================

[1/6] Checking Python environment...
[OK] Python version check passed
Python 3.12.10

[2/6] Creating virtual environment...
[OK] Virtual environment created successfully

[3/6] Activating virtual environment...
[OK] Virtual environment activated

[4/6] Upgrading pip...
Requirement already satisfied: pip in c:\development\claude-echo-test\claude-echo\venv\lib\site-packages (25.0.1)
Collecting pip
  Using cached pip-25.2-py3-none-any.whl.metadata (4.7 kB)
Using cached pip-25.2-py3-none-any.whl (1.8 MB)
Installing collected packages: pip
  Attempting uninstall: pip
    Found existing installation: pip 25.0.1
    Uninstalling pip-25.0.1:
      Successfully uninstalled pip-25.0.1
Successfully installed pip-25.2

[5/6] Installing project dependencies...
This may take several minutes, please wait...
Collecting pydantic
  Using cached pydantic-2.11.7-py3-none-any.whl.metadata (67 kB)
Collecting loguru
  Using cached loguru-0.7.3-py3-none-any.whl.metadata (22 kB)
Collecting pyyaml
  Using cached PyYAML-6.0.2-cp312-cp312-win_amd64.whl.metadata (2.1 kB)
Collecting aiofiles
  Using cached aiofiles-24.1.0-py3-none-any.whl.metadata (10 kB)
Collecting annotated-types>=0.6.0 (from pydantic)
  Using cached annotated_types-0.7.0-py3-none-any.whl.metadata (15 kB)
Collecting pydantic-core==2.33.2 (from pydantic)
  Using cached pydantic_core-2.33.2-cp312-cp312-win_amd64.whl.metadata (6.9 kB)
Collecting typing-extensions>=4.12.2 (from pydantic)
  Using cached typing_extensions-4.14.1-py3-none-any.whl.metadata (3.0 kB)
Collecting typing-inspection>=0.4.0 (from pydantic)
  Using cached typing_inspection-0.4.1-py3-none-any.whl.metadata (2.6 kB)
Collecting colorama>=0.3.4 (from loguru)
  Using cached colorama-0.4.6-py2.py3-none-any.whl.metadata (17 kB)
Collecting win32-setctime>=1.0.0 (from loguru)
  Using cached win32_setctime-1.2.0-py3-none-any.whl.metadata (2.4 kB)
Using cached pydantic-2.11.7-py3-none-any.whl (444 kB)
Using cached pydantic_core-2.33.2-cp312-cp312-win_amd64.whl (2.0 MB)
Using cached loguru-0.7.3-py3-none-any.whl (61 kB)
Using cached PyYAML-6.0.2-cp312-cp312-win_amd64.whl (156 kB)
Using cached aiofiles-24.1.0-py3-none-any.whl (15 kB)
Using cached annotated_types-0.7.0-py3-none-any.whl (13 kB)
Using cached colorama-0.4.6-py2.py3-none-any.whl (25 kB)
Using cached typing_extensions-4.14.1-py3-none-any.whl (43 kB)
Using cached typing_inspection-0.4.1-py3-none-any.whl (14 kB)
Using cached win32_setctime-1.2.0-py3-none-any.whl (4.1 kB)
Installing collected packages: win32-setctime, typing-extensions, pyyaml, colorama, annotated-types, aiofiles, typing-inspection, pydantic-core, loguru, pydantic
Successfully installed aiofiles-24.1.0 annotated-types-0.7.0 colorama-0.4.6 loguru-0.7.3 pydantic-2.11.7 pydantic-core-2.33.2 pyyaml-6.0.2 typing-extensions-4.14.1 typing-inspection-0.4.1 win32-setctime-1.2.0
Installing speech processing dependencies...
Collecting openai-whisper
  Using cached openai_whisper-20250625-py3-none-any.whl
Collecting pyttsx3
  Using cached pyttsx3-2.99-py3-none-any.whl.metadata (6.2 kB)
Collecting pyaudio
  Using cached PyAudio-0.2.14-cp312-cp312-win_amd64.whl.metadata (2.7 kB)
Collecting wave
  Using cached wave-0.1.0-py3-none-any.whl.metadata (586 bytes)
Collecting more-itertools (from openai-whisper)
  Using cached more_itertools-10.7.0-py3-none-any.whl.metadata (37 kB)
Collecting numba (from openai-whisper)
  Using cached numba-0.61.2-cp312-cp312-win_amd64.whl.metadata (2.9 kB)
Collecting numpy (from openai-whisper)
  Using cached numpy-2.3.2-cp312-cp312-win_amd64.whl.metadata (60 kB)
Collecting tiktoken (from openai-whisper)
  Using cached tiktoken-0.11.0-cp312-cp312-win_amd64.whl.metadata (6.9 kB)
Collecting torch (from openai-whisper)
  Using cached torch-2.8.0-cp312-cp312-win_amd64.whl.metadata (30 kB)
Collecting tqdm (from openai-whisper)
  Using cached tqdm-4.67.1-py3-none-any.whl.metadata (57 kB)
Collecting comtypes (from pyttsx3)
  Using cached comtypes-1.4.11-py3-none-any.whl.metadata (7.2 kB)
Collecting pypiwin32 (from pyttsx3)
  Using cached pypiwin32-223-py3-none-any.whl.metadata (236 bytes)
Collecting pywin32 (from pyttsx3)
  Using cached pywin32-311-cp312-cp312-win_amd64.whl.metadata (10 kB)
Collecting MySQL-python<2.0.0,>=1.2.5 (from wave)
  Using cached MySQL-python-1.2.5.zip (108 kB)
  Installing build dependencies ... done
  Getting requirements to build wheel ... done
  Preparing metadata (pyproject.toml) ... done
Collecting llvmlite<0.45,>=0.44.0dev0 (from numba->openai-whisper)
  Using cached llvmlite-0.44.0-cp312-cp312-win_amd64.whl.metadata (5.0 kB)
Collecting numpy (from openai-whisper)
  Using cached numpy-2.2.6-cp312-cp312-win_amd64.whl.metadata (60 kB)
Collecting regex>=2022.1.18 (from tiktoken->openai-whisper)
  Using cached regex-2025.7.34-cp312-cp312-win_amd64.whl.metadata (41 kB)
Collecting requests>=2.26.0 (from tiktoken->openai-whisper)
  Using cached requests-2.32.4-py3-none-any.whl.metadata (4.9 kB)
Collecting charset_normalizer<4,>=2 (from requests>=2.26.0->tiktoken->openai-whisper)
  Using cached charset_normalizer-3.4.3-cp312-cp312-win_amd64.whl.metadata (37 kB)
Collecting idna<4,>=2.5 (from requests>=2.26.0->tiktoken->openai-whisper)
  Using cached idna-3.10-py3-none-any.whl.metadata (10 kB)
Collecting urllib3<3,>=1.21.1 (from requests>=2.26.0->tiktoken->openai-whisper)
  Using cached urllib3-2.5.0-py3-none-any.whl.metadata (6.5 kB)
Collecting certifi>=2017.4.17 (from requests>=2.26.0->tiktoken->openai-whisper)
  Using cached certifi-2025.8.3-py3-none-any.whl.metadata (2.4 kB)
Collecting filelock (from torch->openai-whisper)
  Using cached filelock-3.18.0-py3-none-any.whl.metadata (2.9 kB)
Requirement already satisfied: typing-extensions>=4.10.0 in c:\development\claude-echo-test\claude-echo\venv\lib\site-packages (from torch->openai-whisper) (4.14.1)
Collecting sympy>=1.13.3 (from torch->openai-whisper)
  Using cached sympy-1.14.0-py3-none-any.whl.metadata (12 kB)
Collecting networkx (from torch->openai-whisper)
  Using cached networkx-3.5-py3-none-any.whl.metadata (6.3 kB)
Collecting jinja2 (from torch->openai-whisper)
  Using cached jinja2-3.1.6-py3-none-any.whl.metadata (2.9 kB)
Collecting fsspec (from torch->openai-whisper)
  Using cached fsspec-2025.7.0-py3-none-any.whl.metadata (12 kB)
Collecting setuptools (from torch->openai-whisper)
  Using cached setuptools-80.9.0-py3-none-any.whl.metadata (6.6 kB)
Collecting mpmath<1.4,>=1.1.0 (from sympy>=1.13.3->torch->openai-whisper)
  Using cached mpmath-1.3.0-py3-none-any.whl.metadata (8.6 kB)
Collecting MarkupSafe>=2.0 (from jinja2->torch->openai-whisper)
  Using cached MarkupSafe-3.0.2-cp312-cp312-win_amd64.whl.metadata (4.1 kB)
Requirement already satisfied: colorama in c:\development\claude-echo-test\claude-echo\venv\lib\site-packages (from tqdm->openai-whisper) (0.4.6)
Using cached pyttsx3-2.99-py3-none-any.whl (32 kB)
Using cached PyAudio-0.2.14-cp312-cp312-win_amd64.whl (164 kB)
Using cached wave-0.1.0-py3-none-any.whl (5.7 kB)
Using cached comtypes-1.4.11-py3-none-any.whl (246 kB)
Using cached more_itertools-10.7.0-py3-none-any.whl (65 kB)
Using cached numba-0.61.2-cp312-cp312-win_amd64.whl (2.8 MB)
Using cached llvmlite-0.44.0-cp312-cp312-win_amd64.whl (30.3 MB)
Using cached numpy-2.2.6-cp312-cp312-win_amd64.whl (12.6 MB)
Using cached pypiwin32-223-py3-none-any.whl (1.7 kB)
Using cached pywin32-311-cp312-cp312-win_amd64.whl (9.5 MB)
Using cached tiktoken-0.11.0-cp312-cp312-win_amd64.whl (884 kB)
Using cached regex-2025.7.34-cp312-cp312-win_amd64.whl (275 kB)
Using cached requests-2.32.4-py3-none-any.whl (64 kB)
Using cached charset_normalizer-3.4.3-cp312-cp312-win_amd64.whl (107 kB)
Using cached idna-3.10-py3-none-any.whl (70 kB)
Using cached urllib3-2.5.0-py3-none-any.whl (129 kB)
Using cached certifi-2025.8.3-py3-none-any.whl (161 kB)
Using cached torch-2.8.0-cp312-cp312-win_amd64.whl (241.3 MB)
Using cached sympy-1.14.0-py3-none-any.whl (6.3 MB)
Using cached mpmath-1.3.0-py3-none-any.whl (536 kB)
Using cached filelock-3.18.0-py3-none-any.whl (16 kB)
Using cached fsspec-2025.7.0-py3-none-any.whl (199 kB)
Using cached jinja2-3.1.6-py3-none-any.whl (134 kB)
Using cached MarkupSafe-3.0.2-cp312-cp312-win_amd64.whl (15 kB)
Using cached networkx-3.5-py3-none-any.whl (2.0 MB)
Using cached setuptools-80.9.0-py3-none-any.whl (1.2 MB)
Using cached tqdm-4.67.1-py3-none-any.whl (78 kB)
Building wheels for collected packages: MySQL-python
  Building wheel for MySQL-python (pyproject.toml) ... error
  error: subprocess-exited-with-error

  × Building wheel for MySQL-python (pyproject.toml) did not run successfully.
  │ exit code: 1
  ╰─> [72 lines of output]
      C:\Users\dmkd3\AppData\Local\Temp\pip-build-env-mhlssh9x\overlay\Lib\site-packages\setuptools\dist.py:599: SetuptoolsDeprecationWarning: Invalid dash-separated key 'distribution-name' in 'bdist_rpm' (setup.cfg), please use the underscore name 'distribution_name' instead.
      !!

              ********************************************************************************
              Usage of dash-separated 'distribution-name' will not be supported in future
              versions. Please use the underscore name 'distribution_name' instead.
              (Affected: MySQL-python).

              By 2026-Mar-03, you need to update your project and remove deprecated calls
              or your builds will no longer be supported.

              See https://setuptools.pypa.io/en/latest/userguide/declarative_config.html for details.
              ********************************************************************************

      !!
        opt = self._enforce_underscore(opt, section)
      C:\Users\dmkd3\AppData\Local\Temp\pip-build-env-mhlssh9x\overlay\Lib\site-packages\setuptools\dist.py:599: SetuptoolsDeprecationWarning: Invalid dash-separated key 'build-requires' in 'bdist_rpm' (setup.cfg), please use the underscore name 'build_requires' instead.
      !!

              ********************************************************************************
              Usage of dash-separated 'build-requires' will not be supported in future
              versions. Please use the underscore name 'build_requires' instead.
              (Affected: MySQL-python).

              By 2026-Mar-03, you need to update your project and remove deprecated calls
              or your builds will no longer be supported.

              See https://setuptools.pypa.io/en/latest/userguide/declarative_config.html for details.
              ********************************************************************************

      !!
        opt = self._enforce_underscore(opt, section)
      C:\Users\dmkd3\AppData\Local\Temp\pip-build-env-mhlssh9x\overlay\Lib\site-packages\setuptools\dist.py:759: SetuptoolsDeprecationWarning: License classifiers are deprecated.
      !!

              ********************************************************************************
              Please consider removing the following classifiers in favor of a SPDX license expression:

              License :: OSI Approved :: GNU General Public License (GPL)

              See https://packaging.python.org/en/latest/guides/writing-pyproject-toml/#license for details.
              ********************************************************************************

      !!
        self._finalize_license_expression()
      running bdist_wheel
      running build
      running build_py
      creating build\lib.win-amd64-cpython-312
      copying _mysql_exceptions.py -> build\lib.win-amd64-cpython-312
      creating build\lib.win-amd64-cpython-312\MySQLdb
      copying MySQLdb\__init__.py -> build\lib.win-amd64-cpython-312\MySQLdb
      copying MySQLdb\converters.py -> build\lib.win-amd64-cpython-312\MySQLdb
      copying MySQLdb\connections.py -> build\lib.win-amd64-cpython-312\MySQLdb
      copying MySQLdb\cursors.py -> build\lib.win-amd64-cpython-312\MySQLdb
      copying MySQLdb\release.py -> build\lib.win-amd64-cpython-312\MySQLdb
      copying MySQLdb\times.py -> build\lib.win-amd64-cpython-312\MySQLdb
      creating build\lib.win-amd64-cpython-312\MySQLdb\constants
      copying MySQLdb\constants\__init__.py -> build\lib.win-amd64-cpython-312\MySQLdb\constants
      copying MySQLdb\constants\CR.py -> build\lib.win-amd64-cpython-312\MySQLdb\constants
      copying MySQLdb\constants\FIELD_TYPE.py -> build\lib.win-amd64-cpython-312\MySQLdb\constants
      copying MySQLdb\constants\ER.py -> build\lib.win-amd64-cpython-312\MySQLdb\constants
      copying MySQLdb\constants\FLAG.py -> build\lib.win-amd64-cpython-312\MySQLdb\constants
      copying MySQLdb\constants\REFRESH.py -> build\lib.win-amd64-cpython-312\MySQLdb\constants
      copying MySQLdb\constants\CLIENT.py -> build\lib.win-amd64-cpython-312\MySQLdb\constants
      running build_ext
      building '_mysql' extension
      creating build\temp.win-amd64-cpython-312\Release
      "C:\Program Files\Microsoft Visual Studio\2022\Community\VC\Tools\MSVC\14.43.34808\bin\HostX86\x64\cl.exe" /c /nologo /O2 /W3 /GL /DNDEBUG /MD -Dversion_info=(1,2,5,'final',1) -D__version__=1.2.5 "-IC:\Program Files (x86)\MySQL\MySQL Connector C 6.0.2\include" -IC:\development\claude-echo-test\claude-echo\venv\include -IC:\Users\dmkd3\AppData\Local\Programs\Python\Python312\include -IC:\Users\dmkd3\AppData\Local\Programs\Python\Python312\Include "-IC:\Program Files\Microsoft Visual Studio\2022\Community\VC\Tools\MSVC\14.43.34808\include" "-IC:\Program Files\Microsoft Visual Studio\2022\Community\VC\Auxiliary\VS\include" "-IC:\Program Files (x86)\Windows Kits\10\include\10.0.26100.0\ucrt" "-IC:\Program Files (x86)\Windows Kits\10\\include\10.0.26100.0\\um" "-IC:\Program Files (x86)\Windows Kits\10\\include\10.0.26100.0\\shared" "-IC:\Program Files (x86)\Windows Kits\10\\include\10.0.26100.0\\winrt" "-IC:\Program Files (x86)\Windows Kits\10\\include\10.0.26100.0\\cppwinrt" /Tc_mysql.c /Fobuild\temp.win-amd64-cpython-312\Release\_mysql.obj /Zl
      _mysql.c
      _mysql.c(42): fatal error C1083: 鏃犳硶鎵撳紑鍖呮嫭鏂囦欢: 鈥渃onfig-win.h鈥\x9d: No such file or directory    
      error: command 'C:\\Program Files\\Microsoft Visual Studio\\2022\\Community\\VC\\Tools\\MSVC\\14.43.34808\\bin\\HostX86\\x64\\cl.exe' failed with exit code 2
      [end of output]

  note: This error originates from a subprocess, and is likely not a problem with pip.
  ERROR: Failed building wheel for MySQL-python
Failed to build MySQL-python
error: failed-wheel-build-for-install

× Failed to build installable wheels for some pyproject.toml based projects
╰─> MySQL-python
[WARNING] Speech dependencies failed, will run in Mock mode
For full functionality, manually install: pip install openai-whisper pyttsx3 pyaudio
Collecting requests
  Using cached requests-2.32.4-py3-none-any.whl.metadata (4.9 kB)
Collecting aiohttp
  Using cached aiohttp-3.12.15-cp312-cp312-win_amd64.whl.metadata (7.9 kB)
Collecting numpy
  Using cached numpy-2.3.2-cp312-cp312-win_amd64.whl.metadata (60 kB)
Collecting charset_normalizer<4,>=2 (from requests)
  Using cached charset_normalizer-3.4.3-cp312-cp312-win_amd64.whl.metadata (37 kB)
Collecting idna<4,>=2.5 (from requests)
  Using cached idna-3.10-py3-none-any.whl.metadata (10 kB)
Collecting urllib3<3,>=1.21.1 (from requests)
  Using cached urllib3-2.5.0-py3-none-any.whl.metadata (6.5 kB)
Collecting certifi>=2017.4.17 (from requests)
  Using cached certifi-2025.8.3-py3-none-any.whl.metadata (2.4 kB)
Collecting aiohappyeyeballs>=2.5.0 (from aiohttp)
  Using cached aiohappyeyeballs-2.6.1-py3-none-any.whl.metadata (5.9 kB)
Collecting aiosignal>=1.4.0 (from aiohttp)
  Using cached aiosignal-1.4.0-py3-none-any.whl.metadata (3.7 kB)
Collecting attrs>=17.3.0 (from aiohttp)
  Using cached attrs-25.3.0-py3-none-any.whl.metadata (10 kB)
Collecting frozenlist>=1.1.1 (from aiohttp)
  Using cached frozenlist-1.7.0-cp312-cp312-win_amd64.whl.metadata (19 kB)
Collecting multidict<7.0,>=4.5 (from aiohttp)
  Using cached multidict-6.6.3-cp312-cp312-win_amd64.whl.metadata (5.4 kB)
Collecting propcache>=0.2.0 (from aiohttp)
  Using cached propcache-0.3.2-cp312-cp312-win_amd64.whl.metadata (12 kB)
Collecting yarl<2.0,>=1.17.0 (from aiohttp)
  Using cached yarl-1.20.1-cp312-cp312-win_amd64.whl.metadata (76 kB)
Requirement already satisfied: typing-extensions>=4.2 in c:\development\claude-echo-test\claude-echo\venv\lib\site-packages (from aiosignal>=1.4.0->aiohttp) (4.14.1)
Using cached requests-2.32.4-py3-none-any.whl (64 kB)
Using cached charset_normalizer-3.4.3-cp312-cp312-win_amd64.whl (107 kB)
Using cached idna-3.10-py3-none-any.whl (70 kB)
Using cached urllib3-2.5.0-py3-none-any.whl (129 kB)
Using cached aiohttp-3.12.15-cp312-cp312-win_amd64.whl (450 kB)
Using cached multidict-6.6.3-cp312-cp312-win_amd64.whl (45 kB)
Using cached yarl-1.20.1-cp312-cp312-win_amd64.whl (86 kB)
Using cached numpy-2.3.2-cp312-cp312-win_amd64.whl (12.8 MB)
Using cached aiohappyeyeballs-2.6.1-py3-none-any.whl (15 kB)
Using cached aiosignal-1.4.0-py3-none-any.whl (7.5 kB)
Using cached attrs-25.3.0-py3-none-any.whl (63 kB)
Using cached certifi-2025.8.3-py3-none-any.whl (161 kB)
Using cached frozenlist-1.7.0-cp312-cp312-win_amd64.whl (43 kB)
Using cached propcache-0.3.2-cp312-cp312-win_amd64.whl (41 kB)
Installing collected packages: urllib3, propcache, numpy, multidict, idna, frozenlist, charset_normalizer, certifi, attrs, aiohappyeyeballs, yarl, requests, aiosignal, aiohttp
Successfully installed aiohappyeyeballs-2.6.1 aiohttp-3.12.15 aiosignal-1.4.0 attrs-25.3.0 certifi-2025.8.3 charset_normalizer-3.4.3 frozenlist-1.7.0 idna-3.10 multidict-6.6.3 numpy-2.3.2 propcache-0.3.2 requests-2.32.4 urllib3-2.5.0 yarl-1.20.1
[OK] Dependencies installation completed

[6/6] Initializing project structure...
[OK] Project structure initialized

Running initial configuration...
'import' is not recognized as an internal or external command,
operable program or batch file.
'import' is not recognized as an internal or external command,
operable program or batch file.
'from' is not recognized as an internal or external command,
operable program or batch file.
'#' is not recognized as an internal or external command,
operable program or batch file.
'config' is not recognized as an internal or external command,
operable program or batch file.
''system':' is not recognized as an internal or external command,
operable program or batch file.
''log_level':' is not recognized as an internal or external command,
operable program or batch file.
''environment':' is not recognized as an internal or external command,
operable program or batch file.
''enable_mock_mode':' is not recognized as an internal or external command,
operable program or batch file.
'}' is not recognized as an internal or external command,
operable program or batch file.
''speech':' is not recognized as an internal or external command,
operable program or batch file.
''enabled':' is not recognized as an internal or external command,
operable program or batch file.
''mock_mode':' is not recognized as an internal or external command,
operable program or batch file.
'}' is not recognized as an internal or external command,
operable program or batch file.
''adapters':' is not recognized as an internal or external command,
operable program or batch file.
''claude_code':' is not recognized as an internal or external command,
operable program or batch file.
''enabled':' is not recognized as an internal or external command,
operable program or batch file.
''mock_mode':' is not recognized as an internal or external command,
operable program or batch file.
'}' is not recognized as an internal or external command,
operable program or batch file.
'}' is not recognized as an internal or external command,
operable program or batch file.
'}' is not recognized as an internal or external command,
operable program or batch file.
'config_path' is not recognized as an internal or external command,
operable program or batch file.
'config_path.parent.mkdir' is not recognized as an internal or external command,
operable program or batch file.
'with' is not recognized as an internal or external command,
operable program or batch file.
'yaml.dump' is not recognized as an internal or external command,
operable program or batch file.
Unable to initialize device PRN
'"' is not recognized as an internal or external command,
operable program or batch file.

Verifying installation...
'try:' is not recognized as an internal or external command,
operable program or batch file.
'import' is not recognized as an internal or external command,
operable program or batch file.
'sys.path.append' is not recognized as an internal or external command,
operable program or batch file.
'from' is not recognized as an internal or external command,
operable program or batch file.
'from' is not recognized as an internal or external command,
operable program or batch file.
Unable to initialize device PRN
'#' is not recognized as an internal or external command,
operable program or batch file.
'config' is not recognized as an internal or external command,
operable program or batch file.
Unable to initialize device PRN
'except' is not recognized as an internal or external command,
operable program or batch file.
Unable to initialize device PRN
'sys.exit' is not recognized as an internal or external command,
operable program or batch file.
'except' is not recognized as an internal or external command,
operable program or batch file.
Unable to initialize device PRN
'sys.exit' is not recognized as an internal or external command,
operable program or batch file.
'"' is not recognized as an internal or external command,
operable program or batch file.
[ERROR] Installation verification failed
Press any key to continue . . .